This is pdfTeX, Version 3.141592653-2.6-1.40.24 (MiKTeX 23.1) (preloaded format=pdflatex 2023.2.10)  21 MAR 2023 15:24
entering extended mode
 restricted \write18 enabled.
 %&-line parsing enabled.
**./title.tex
(title.tex
LaTeX2e <2022-11-01> patch level 1
L3 programming layer <2023-02-02>

! LaTeX Error: Environment titlepage undefined.

See the LaTeX manual or LaTeX Companion for explanation.
Type  H <return>  for immediate help.
 ...                                              
                                                  
l.1 \begin{titlepage}
                     
Your command was ignored.
Type  I <command> <return>  to replace it with another command,
or  <return>  to continue without it.

! Undefined control sequence.
l.9 \includegraphics
                    {\figdir/logo-th-rosenheim-2019_master_quer_2c.eps}
The control sequence at the end of the top line
of your error message was never \def'ed. If you have
misspelled it (e.g., `\hobx'), type `I' and the correct
spelling (e.g., `I\hbox'). Otherwise just continue,
and I'll forget about whatever was undefined.

! Undefined control sequence.
l.9 \includegraphics{\figdir
                            /logo-th-rosenheim-2019_master_quer_2c.eps}
The control sequence at the end of the top line
of your error message was never \def'ed. If you have
misspelled it (e.g., `\hobx'), type `I' and the correct
spelling (e.g., `I\hbox'). Otherwise just continue,
and I'll forget about whatever was undefined.


! LaTeX Error: Missing \begin{document}.

See the LaTeX manual or LaTeX Companion for explanation.
Type  H <return>  for immediate help.
 ...                                              
                                                  
l.9 \includegraphics{\figdir/
                             logo-th-rosenheim-2019_master_quer_2c.eps}
You're in trouble here.  Try typing  <return>  to proceed.
If that doesn't work, type  X <return>  to quit.

! Missing $ inserted.
<inserted text> 
                $
l.9 ...udegraphics{\figdir/logo-th-rosenheim-2019_
                                                  master_quer_2c.eps}
I've inserted a begin-math/end-math symbol since I think
you left one out. Proceed, with fingers crossed.

LaTeX Font Info:    External font `cmex10' loaded for size
(Font)              <7> on input line 9.
LaTeX Font Info:    External font `cmex10' loaded for size
(Font)              <5> on input line 9.
! Extra }, or forgotten $.
l.9 .../logo-th-rosenheim-2019_master_quer_2c.eps}
                                                  
I've deleted a group-closing symbol because it seems to be
spurious, as in `$x}$'. But perhaps the } is legitimate and
you forgot something else, as in `\hbox{$x}'. In such cases
the way to recover is to insert both the forgotten and the
deleted material, e.g., by typing `I$}'.

! Missing $ inserted.
<inserted text> 
                $
l.10 
     
I've inserted a begin-math/end-math symbol since I think
you left one out. Proceed, with fingers crossed.


Overfull \hbox (25.72227pt too wide) in paragraph at lines 9--10
 []\OT1/cmss/m/n/10 /logo-
 []


Overfull \hbox (12.11111pt too wide) in paragraph at lines 9--10
 \OT1/cmss/m/n/10 th-
 []


Overfull \hbox (45.13893pt too wide) in paragraph at lines 9--10
 \OT1/cmss/m/n/10 rosenheim-
 []


Overfull \hbox (95.62378pt too wide) in paragraph at lines 9--10
 \OT1/cmss/m/n/10 2019$[]\OML/cmm/m/it/10 aster[]uer[]c:eps$
 []

! Undefined control sequence.
l.14 \LARGE
           
The control sequence at the end of the top line
of your error message was never \def'ed. If you have
misspelled it (e.g., `\hobx'), type `I' and the correct
spelling (e.g., `I\hbox'). Otherwise just continue,
and I'll forget about whatever was undefined.


! LaTeX Error: Missing \begin{document}.

See the LaTeX manual or LaTeX Companion for explanation.
Type  H <return>  for immediate help.
 ...                                              
                                                  
l.17 F
      akultät für Informatik  \vspace{0.5cm}\\
You're in trouble here.  Try typing  <return>  to proceed.
If that doesn't work, type  X <return>  to quit.


Overfull \hbox (34.69453pt too wide) in paragraph at lines 17--17
 []\OT1/cmss/m/n/10 Fakult^^?at 
 []


Overfull \hbox (11.63893pt too wide) in paragraph at lines 17--17
 \OT1/cmss/m/n/10 f^^?ur 
 []


Overfull \hbox (11.2778pt too wide) in paragraph at lines 17--17
 \OT1/cmss/m/n/10 In- 
 []


Overfull \hbox (14.52782pt too wide) in paragraph at lines 17--17
 \OT1/cmss/m/n/10 for- 
 []


Overfull \hbox (23.63895pt too wide) in paragraph at lines 17--17
 \OT1/cmss/m/n/10 matik 
 []

! Undefined control sequence.
<recently read> \Large 
                       
l.18 \Large
           
The control sequence at the end of the top line
of your error message was never \def'ed. If you have
misspelled it (e.g., `\hobx'), type `I' and the correct
spelling (e.g., `I\hbox'). Otherwise just continue,
and I'll forget about whatever was undefined.


! LaTeX Error: Missing \begin{document}.

See the LaTeX manual or LaTeX Companion for explanation.
Type  H <return>  for immediate help.
 ...                                              
                                                  
l.19 S
      tudiengang Informatik
You're in trouble here.  Try typing  <return>  to proceed.
If that doesn't work, type  X <return>  to quit.


Overfull \hbox (51.4723pt too wide) in paragraph at lines 19--20
 []\OT1/cmss/m/n/10 Studiengang 
 []


Overfull \hbox (11.2778pt too wide) in paragraph at lines 19--20
 \OT1/cmss/m/n/10 In- 
 []


Overfull \hbox (14.52782pt too wide) in paragraph at lines 19--20
 \OT1/cmss/m/n/10 for- 
 []


Overfull \hbox (23.63895pt too wide) in paragraph at lines 19--20
 \OT1/cmss/m/n/10 matik 
 []

! Undefined control sequence.
l.23 \LARGE
           
The control sequence at the end of the top line
of your error message was never \def'ed. If you have
misspelled it (e.g., `\hobx'), type `I' and the correct
spelling (e.g., `I\hbox'). Otherwise just continue,
and I'll forget about whatever was undefined.


! LaTeX Error: Missing \begin{document}.

See the LaTeX manual or LaTeX Companion for explanation.
Type  H <return>  for immediate help.
 ...                                              
                                                  
l.25 E
      rstellung einer standardisierten Material-Kostengliederung für Projek...

You're in trouble here.  Try typing  <return>  to proceed.
If that doesn't work, type  X <return>  to quit.


Overfull \hbox (41.38893pt too wide) in paragraph at lines 25--26
 []\OT1/cmss/m/n/10 Erstellung 
 []


Overfull \hbox (19.86113pt too wide) in paragraph at lines 25--26
 \OT1/cmss/m/n/10 einer 
 []


Overfull \hbox (20.75002pt too wide) in paragraph at lines 25--26
 \OT1/cmss/m/n/10 stan- 
 []


Overfull \hbox (16.44447pt too wide) in paragraph at lines 25--26
 \OT1/cmss/m/n/10 dar- 
 []


Overfull \hbox (8.5pt too wide) in paragraph at lines 25--26
 \OT1/cmss/m/n/10 d- 
 []


Overfull \hbox (29.69446pt too wide) in paragraph at lines 25--26
 \OT1/cmss/m/n/10 isierten 
 []


Overfull \hbox (37.94453pt too wide) in paragraph at lines 25--26
 \OT1/cmss/m/n/10 Material- 
 []


Overfull \hbox (71.58344pt too wide) in paragraph at lines 25--26
 \OT1/cmss/m/n/10 Kostengliederung 
 []


Overfull \hbox (11.63893pt too wide) in paragraph at lines 25--26
 \OT1/cmss/m/n/10 f^^?ur 
 []


Overfull \hbox (18.13893pt too wide) in paragraph at lines 25--26
 \OT1/cmss/m/n/10 Pro- 
 []


Overfull \hbox (20.05559pt too wide) in paragraph at lines 25--26
 \OT1/cmss/m/n/10 jekte 
 []


Overfull \hbox (19.86113pt too wide) in paragraph at lines 25--26
 \OT1/cmss/m/n/10 einer 
 []


Overfull \hbox (19.97226pt too wide) in paragraph at lines 25--26
 \OT1/cmss/m/n/10 Bau- 
 []


Overfull \hbox (18.83336pt too wide) in paragraph at lines 25--26
 \OT1/cmss/m/n/10 soft- 
 []


Overfull \hbox (18.94449pt too wide) in paragraph at lines 25--26
 \OT1/cmss/m/n/10 ware 
 []


Overfull \hbox (17.27779pt too wide) in paragraph at lines 25--26
 \OT1/cmss/m/n/10 mit- 
 []


Overfull \hbox (14.27777pt too wide) in paragraph at lines 25--26
 \OT1/cmss/m/n/10 tles 
 []


Overfull \hbox (18.83339pt too wide) in paragraph at lines 25--26
 \OT1/cmss/m/n/10 Nat- 
 []


Overfull \hbox (8.5pt too wide) in paragraph at lines 25--26
 \OT1/cmss/m/n/10 u- 
 []


Overfull \hbox (10.61115pt too wide) in paragraph at lines 25--26
 \OT1/cmss/m/n/10 ral 
 []


Overfull \hbox (18.72226pt too wide) in paragraph at lines 25--26
 \OT1/cmss/m/n/10 Lan- 
 []


Overfull \hbox (24.41672pt too wide) in paragraph at lines 25--26
 \OT1/cmss/m/n/10 guage 
 []


Overfull \hbox (18.13893pt too wide) in paragraph at lines 25--26
 \OT1/cmss/m/n/10 Pro- 
 []


Overfull \hbox (19.88887pt too wide) in paragraph at lines 25--26
 \OT1/cmss/m/n/10 cess- 
 []


Overfull \hbox (12.55557pt too wide) in paragraph at lines 25--26
 \OT1/cmss/m/n/10 ing 
 []

! Undefined control sequence.
l.29 \Large
           
The control sequence at the end of the top line
of your error message was never \def'ed. If you have
misspelled it (e.g., `\hobx'), type `I' and the correct
spelling (e.g., `I\hbox'). Otherwise just continue,
and I'll forget about whatever was undefined.


! LaTeX Error: Missing \begin{document}.

See the LaTeX manual or LaTeX Companion for explanation.
Type  H <return>  for immediate help.
 ...                                              
                                                  
l.30 B
      achelor Thesis
You're in trouble here.  Try typing  <return>  to proceed.
If that doesn't work, type  X <return>  to quit.


Overfull \hbox (36.05562pt too wide) in paragraph at lines 30--31
 []\OT1/cmss/m/n/10 Bachelor 
 []


Overfull \hbox (19.75002pt too wide) in paragraph at lines 30--31
 \OT1/cmss/m/n/10 The- 
 []


Overfull \hbox (10.05554pt too wide) in paragraph at lines 30--31
 \OT1/cmss/m/n/10 sis 
 []

! Undefined control sequence.
l.35 \Large
           
The control sequence at the end of the top line
of your error message was never \def'ed. If you have
misspelled it (e.g., `\hobx'), type `I' and the correct
spelling (e.g., `I\hbox'). Otherwise just continue,
and I'll forget about whatever was undefined.


! LaTeX Error: Missing \begin{document}.

See the LaTeX manual or LaTeX Companion for explanation.
Type  H <return>  for immediate help.
 ...                                              
                                                  
l.36 v
      on
You're in trouble here.  Try typing  <return>  to proceed.
If that doesn't work, type  X <return>  to quit.


Overfull \hbox (14.77782pt too wide) in paragraph at lines 36--37
 []\OT1/cmss/m/n/10 von 
 []

! Undefined control sequence.
l.42 \LARGE
           
The control sequence at the end of the top line
of your error message was never \def'ed. If you have
misspelled it (e.g., `\hobx'), type `I' and the correct
spelling (e.g., `I\hbox'). Otherwise just continue,
and I'll forget about whatever was undefined.


! LaTeX Error: Missing \begin{document}.

See the LaTeX manual or LaTeX Companion for explanation.
Type  H <return>  for immediate help.
 ...                                              
                                                  
l.43 F
      lorian Weidner \vspace{1cm}
You're in trouble here.  Try typing  <return>  to proceed.
If that doesn't work, type  X <return>  to quit.


Overfull \hbox (28.5834pt too wide) in paragraph at lines 43--44
 []\OT1/cmss/m/n/10 Florian 
 []


Overfull \hbox (19.33334pt too wide) in paragraph at lines 43--44
 \OT1/cmss/m/n/10 Wei- 
 []


Overfull \hbox (8.5pt too wide) in paragraph at lines 43--44
 \OT1/cmss/m/n/10 d- 
 []


Overfull \hbox (13.0278pt too wide) in paragraph at lines 43--44
 \OT1/cmss/m/n/10 ner 
 []


! LaTeX Error: Missing \begin{document}.

See the LaTeX manual or LaTeX Companion for explanation.
Type  H <return>  for immediate help.
 ...                                              
                                                  
l.47 \flushleft
               
You're in trouble here.  Try typing  <return>  to proceed.
If that doesn't work, type  X <return>  to quit.

! Undefined control sequence.
l.48  \Large
            
The control sequence at the end of the top line
of your error message was never \def'ed. If you have
misspelled it (e.g., `\hobx'), type `I' and the correct
spelling (e.g., `I\hbox'). Otherwise just continue,
and I'll forget about whatever was undefined.


! LaTeX Error: \begin{document} ended by \end{titlepage}.

See the LaTeX manual or LaTeX Companion for explanation.
Type  H <return>  for immediate help.
 ...                                              
                                                  
l.60 \end{titlepage}
                    
Your command was ignored.
Type  I <command> <return>  to replace it with another command,
or  <return>  to continue without it.

! Missing } inserted.
<inserted text> 
                }
l.60 \end{titlepage}
                    
I've inserted something that you may have forgotten.
(See the <inserted text> above.)
With luck, this will get me unwedged. But if you
really didn't forget anything, try typing `2' now; then
my insertion and my current dilemma will both disappear.

! Undefined control sequence.
l.62 \cleardoubleemptypage
                          
The control sequence at the end of the top line
of your error message was never \def'ed. If you have
misspelled it (e.g., `\hobx'), type `I' and the correct
spelling (e.g., `I\hbox'). Otherwise just continue,
and I'll forget about whatever was undefined.

! Undefined control sequence.
l.65 \large
           
The control sequence at the end of the top line
of your error message was never \def'ed. If you have
misspelled it (e.g., `\hobx'), type `I' and the correct
spelling (e.g., `I\hbox'). Otherwise just continue,
and I'll forget about whatever was undefined.


! LaTeX Error: Missing \begin{document}.

See the LaTeX manual or LaTeX Companion for explanation.
Type  H <return>  for immediate help.
 ...                                              
                                                  
l.69 \noindent
              
You're in trouble here.  Try typing  <return>  to proceed.
If that doesn't work, type  X <return>  to quit.


Overfull \hbox (146.13815pt too wide) in paragraph at lines 69--71
\OT1/cmr/m/sc/10 Eigenst[]andigkeitserkl[]arung
 []


Overfull \hbox (5.52773pt too wide) in paragraph at lines 69--71
\OT1/cmr/m/sc/10 /
 []


Overfull \hbox (23.55815pt too wide) in paragraph at lines 69--71
\OT1/cmr/m/sc/10 Dec-
 []


Overfull \hbox (15.04436pt too wide) in paragraph at lines 69--71
\OT1/cmr/m/sc/10 la-
 []


Overfull \hbox (15.93326pt too wide) in paragraph at lines 69--71
\OT1/cmr/m/sc/10 ra-
 []


Overfull \hbox (21.42212pt too wide) in paragraph at lines 69--71
\OT1/cmr/m/sc/10 tion
 []


Overfull \hbox (11.71107pt too wide) in paragraph at lines 69--71
\OT1/cmr/m/sc/10 of
 []


Overfull \hbox (27.67758pt too wide) in paragraph at lines 69--71
\OT1/cmr/m/sc/10 Orig-
 []


Overfull \hbox (6.79994pt too wide) in paragraph at lines 69--71
\OT1/cmr/m/sc/10 i-
 []


Overfull \hbox (21.17767pt too wide) in paragraph at lines 69--71
\OT1/cmr/m/sc/10 nal-
 []


Overfull \hbox (15.26657pt too wide) in paragraph at lines 69--71
\OT1/cmr/m/sc/10 ity 
 []


! LaTeX Error: Missing \begin{document}.

See the LaTeX manual or LaTeX Companion for explanation.
Type  H <return>  for immediate help.
 ...                                              
                                                  
l.74 \noindent
              
You're in trouble here.  Try typing  <return>  to proceed.
If that doesn't work, type  X <return>  to quit.

Missing character: There is no H in font nullfont!
Missing character: There is no i in font nullfont!
Missing character: There is no e in font nullfont!
Missing character: There is no r in font nullfont!
Missing character: There is no m in font nullfont!
Missing character: There is no i in font nullfont!
Missing character: There is no t in font nullfont!
Missing character: There is no b in font nullfont!
Missing character: There is no e in font nullfont!
Missing character: There is no s in font nullfont!
Missing character: There is no t in font nullfont!
LaTeX Font Info:    Trying to load font information for +cmr on input line 75.
LaTeX Font Info:    No file cmr.fd. on input line 75.

LaTeX Font Warning: Font shape `/cmr/m/n' undefined
(Font)              using `/cmr/m/n' instead on input line 75.

! Corrupted NFSS tables.
wrong@fontshape ...message {Corrupted NFSS tables}
                                                  error@fontshape else let f...
l.75 Hiermit bestä
                   tige ich, dass ich die vorliegende Arbeit selbständig ve...
This error message was generated by an \errmessage
command, so I can't give any explicit help.
Pretend that you're Hercule Poirot: Examine all clues,
and deduce the truth by order and method.


LaTeX Font Warning: Font shape `/cmr/m/n' undefined
(Font)              using `OT1/cmr/m/n' instead on input line 75.

Missing character: There is no t in font nullfont!
Missing character: There is no i in font nullfont!
Missing character: There is no g in font nullfont!
Missing character: There is no e in font nullfont!
Missing character: There is no i in font nullfont!
Missing character: There is no c in font nullfont!
Missing character: There is no h in font nullfont!
Missing character: There is no , in font nullfont!
Missing character: There is no d in font nullfont!
Missing character: There is no a in font nullfont!
Missing character: There is no s in font nullfont!
Missing character: There is no s in font nullfont!
Missing character: There is no i in font nullfont!
Missing character: There is no c in font nullfont!
Missing character: There is no h in font nullfont!
Missing character: There is no d in font nullfont!
Missing character: There is no i in font nullfont!
Missing character: There is no e in font nullfont!
Missing character: There is no v in font nullfont!
Missing character: There is no o in font nullfont!
Missing character: There is no r in font nullfont!
Missing character: There is no l in font nullfont!
Missing character: There is no i in font nullfont!
Missing character: There is no e in font nullfont!
Missing character: There is no g in font nullfont!
Missing character: There is no e in font nullfont!
Missing character: There is no n in font nullfont!
Missing character: There is no d in font nullfont!
Missing character: There is no e in font nullfont!
Missing character: There is no A in font nullfont!
Missing character: There is no r in font nullfont!
Missing character: There is no b in font nullfont!
Missing character: There is no e in font nullfont!
Missing character: There is no i in font nullfont!
Missing character: There is no t in font nullfont!
Missing character: There is no s in font nullfont!
Missing character: There is no e in font nullfont!
Missing character: There is no l in font nullfont!
Missing character: There is no b in font nullfont!
Missing character: There is no s in font nullfont!
Missing character: There is no t in font nullfont!
Missing character: There is no n in font nullfont!
Missing character: There is no d in font nullfont!
Missing character: There is no i in font nullfont!
Missing character: There is no g in font nullfont!
Missing character: There is no v in font nullfont!
Missing character: There is no e in font nullfont!
Missing character: There is no r in font nullfont!
Missing character: There is no f in font nullfont!
Missing character: There is no a in font nullfont!
Missing character: There is no s in font nullfont!
Missing character: There is no s in font nullfont!
Missing character: There is no t in font nullfont!
Missing character: There is no u in font nullfont!
Missing character: There is no n in font nullfont!
Missing character: There is no d in font nullfont!
Missing character: There is no k in font nullfont!
Missing character: There is no e in font nullfont!
Missing character: There is no i in font nullfont!
Missing character: There is no n in font nullfont!
Missing character: There is no e in font nullfont!
Missing character: There is no a in font nullfont!
Missing character: There is no n in font nullfont!
Missing character: There is no d in font nullfont!
Missing character: There is no e in font nullfont!
Missing character: There is no r in font nullfont!
Missing character: There is no e in font nullfont!
Missing character: There is no n in font nullfont!
Missing character: There is no a in font nullfont!
Missing character: There is no l in font nullfont!
Missing character: There is no s in font nullfont!
Missing character: There is no d in font nullfont!
Missing character: There is no i in font nullfont!
Missing character: There is no e in font nullfont!
Missing character: There is no a in font nullfont!
Missing character: There is no n in font nullfont!
Missing character: There is no g in font nullfont!
Missing character: There is no e in font nullfont!
Missing character: There is no g in font nullfont!
Missing character: There is no e in font nullfont!
Missing character: There is no b in font nullfont!
Missing character: There is no e in font nullfont!
Missing character: There is no n in font nullfont!
Missing character: There is no e in font nullfont!
Missing character: There is no n in font nullfont!
Missing character: There is no H in font nullfont!
Missing character: There is no i in font nullfont!
Missing character: There is no l in font nullfont!
Missing character: There is no f in font nullfont!
Missing character: There is no s in font nullfont!
Missing character: There is no m in font nullfont!
Missing character: There is no i in font nullfont!
Missing character: There is no t in font nullfont!
Missing character: There is no t in font nullfont!
Missing character: There is no e in font nullfont!
Missing character: There is no l in font nullfont!
Missing character: There is no b in font nullfont!
Missing character: There is no e in font nullfont!
Missing character: There is no n in font nullfont!
Missing character: There is no u in font nullfont!
Missing character: There is no t in font nullfont!
Missing character: There is no z in font nullfont!
Missing character: There is no t in font nullfont!
Missing character: There is no h in font nullfont!
Missing character: There is no a in font nullfont!
Missing character: There is no b in font nullfont!
Missing character: There is no e in font nullfont!
Missing character: There is no . in font nullfont!
Missing character: There is no D in font nullfont!
Missing character: There is no i in font nullfont!
Missing character: There is no e in font nullfont!
Missing character: There is no S in font nullfont!
Missing character: There is no t in font nullfont!
Missing character: There is no e in font nullfont!
Missing character: There is no l in font nullfont!
Missing character: There is no l in font nullfont!
Missing character: There is no e in font nullfont!
Missing character: There is no n in font nullfont!
Missing character: There is no d in font nullfont!
Missing character: There is no e in font nullfont!
Missing character: There is no r in font nullfont!
Missing character: There is no A in font nullfont!
Missing character: There is no r in font nullfont!
Missing character: There is no b in font nullfont!
Missing character: There is no e in font nullfont!
Missing character: There is no i in font nullfont!
Missing character: There is no t in font nullfont!
Missing character: There is no , in font nullfont!
Missing character: There is no d in font nullfont!
Missing character: There is no i in font nullfont!
Missing character: There is no e in font nullfont!
Missing character: There is no d in font nullfont!
Missing character: There is no e in font nullfont!
Missing character: There is no m in font nullfont!
Missing character: There is no W in font nullfont!
Missing character: There is no o in font nullfont!
Missing character: There is no r in font nullfont!
Missing character: There is no t in font nullfont!
Missing character: There is no l in font nullfont!
Missing character: There is no a in font nullfont!
Missing character: There is no u in font nullfont!
Missing character: There is no t in font nullfont!
Missing character: There is no o in font nullfont!
Missing character: There is no d in font nullfont!
Missing character: There is no e in font nullfont!
Missing character: There is no r in font nullfont!
Missing character: There is no d in font nullfont!
Missing character: There is no e in font nullfont!
Missing character: There is no m in font nullfont!
Missing character: There is no S in font nullfont!
Missing character: There is no i in font nullfont!
Missing character: There is no n in font nullfont!
Missing character: There is no n in font nullfont!
Missing character: There is no n in font nullfont!
Missing character: There is no a in font nullfont!
Missing character: There is no c in font nullfont!
Missing character: There is no h in font nullfont!
Missing character: There is no a in font nullfont!
Missing character: There is no n in font nullfont!
Missing character: There is no d in font nullfont!
Missing character: There is no e in font nullfont!
Missing character: There is no r in font nullfont!
Missing character: There is no e in font nullfont!
Missing character: There is no n in font nullfont!
Missing character: There is no W in font nullfont!
Missing character: There is no e in font nullfont!
Missing character: There is no r in font nullfont!
Missing character: There is no k in font nullfont!
Missing character: There is no e in font nullfont!
Missing character: There is no n in font nullfont!
Missing character: There is no ( in font nullfont!
Missing character: There is no d in font nullfont!
Missing character: There is no a in font nullfont!
Missing character: There is no z in font nullfont!
Missing character: There is no u in font nullfont!
Missing character: There is no z in font nullfont!
Missing character: There is no h in font nullfont!
Missing character: There is no l in font nullfont!
Missing character: There is no e in font nullfont!
Missing character: There is no n in font nullfont!
Missing character: There is no a in font nullfont!
Missing character: There is no u in font nullfont!
Missing character: There is no c in font nullfont!
Missing character: There is no h in font nullfont!
Missing character: There is no I in font nullfont!
Missing character: There is no n in font nullfont!
Missing character: There is no t in font nullfont!
Missing character: There is no e in font nullfont!
Missing character: There is no r in font nullfont!
Missing character: There is no n in font nullfont!
Missing character: There is no e in font nullfont!
Missing character: There is no t in font nullfont!
Missing character: There is no q in font nullfont!
Missing character: There is no u in font nullfont!
Missing character: There is no e in font nullfont!
Missing character: There is no l in font nullfont!
Missing character: There is no l in font nullfont!
Missing character: There is no e in font nullfont!
Missing character: There is no n in font nullfont!
Missing character: There is no ) in font nullfont!
Missing character: There is no e in font nullfont!
Missing character: There is no n in font nullfont!
Missing character: There is no t in font nullfont!
Missing character: There is no n in font nullfont!
Missing character: There is no o in font nullfont!
Missing character: There is no m in font nullfont!
Missing character: There is no m in font nullfont!
Missing character: There is no e in font nullfont!
Missing character: There is no n in font nullfont!
Missing character: There is no s in font nullfont!
Missing character: There is no i in font nullfont!
Missing character: There is no n in font nullfont!
Missing character: There is no d in font nullfont!
Missing character: There is no , in font nullfont!
Missing character: There is no w in font nullfont!
Missing character: There is no u in font nullfont!
Missing character: There is no r in font nullfont!
Missing character: There is no d in font nullfont!
Missing character: There is no e in font nullfont!
Missing character: There is no n in font nullfont!
Missing character: There is no u in font nullfont!
Missing character: There is no n in font nullfont!
Missing character: There is no t in font nullfont!
Missing character: There is no e in font nullfont!
Missing character: There is no r in font nullfont!
Missing character: There is no A in font nullfont!
Missing character: There is no n in font nullfont!
Missing character: There is no g in font nullfont!
Missing character: There is no a in font nullfont!
Missing character: There is no b in font nullfont!
Missing character: There is no e in font nullfont!
Missing character: There is no d in font nullfont!
Missing character: There is no e in font nullfont!
Missing character: There is no r in font nullfont!
Missing character: There is no Q in font nullfont!
Missing character: There is no u in font nullfont!
Missing character: There is no e in font nullfont!
Missing character: There is no l in font nullfont!
Missing character: There is no l in font nullfont!
Missing character: There is no e in font nullfont!
Missing character: There is no k in font nullfont!
Missing character: There is no e in font nullfont!
Missing character: There is no n in font nullfont!
Missing character: There is no n in font nullfont!
Missing character: There is no t in font nullfont!
Missing character: There is no l in font nullfont!
Missing character: There is no i in font nullfont!
Missing character: There is no c in font nullfont!
Missing character: There is no h in font nullfont!
Missing character: There is no g in font nullfont!
Missing character: There is no e in font nullfont!
Missing character: There is no m in font nullfont!
Missing character: There is no a in font nullfont!
Missing character: There is no c in font nullfont!
Missing character: There is no h in font nullfont!
Missing character: There is no t in font nullfont!
Missing character: There is no . in font nullfont!

Overfull \hbox (10.00003pt too wide) in paragraph at lines 74--76
 \/cmr/m/n/10 ^^?a
 []


Overfull \hbox (5.00002pt too wide) in paragraph at lines 74--76
\/cmr/m/n/10 ^^?a
 []


Overfull \hbox (5.00002pt too wide) in paragraph at lines 74--76
\/cmr/m/n/10 ^^?a
 []


! LaTeX Error: Missing \begin{document}.

See the LaTeX manual or LaTeX Companion for explanation.
Type  H <return>  for immediate help.
 ...                                              
                                                  
l.79 ...ally or by content from the used sources.}
                                                  
You're in trouble here.  Try typing  <return>  to proceed.
If that doesn't work, type  X <return>  to quit.


Overfull \hbox (23.85553pt too wide) in paragraph at lines 79--80
[]\OT1/cmr/m/it/10 I
 []


Overfull \hbox (13.28879pt too wide) in paragraph at lines 79--80
\OT1/cmr/m/it/10 de-
 []


Overfull \hbox (20.57205pt too wide) in paragraph at lines 79--80
\OT1/cmr/m/it/10 clare
 []


Overfull \hbox (16.86655pt too wide) in paragraph at lines 79--80
\OT1/cmr/m/it/10 that
 []


Overfull \hbox (3.85553pt too wide) in paragraph at lines 79--80
\OT1/cmr/m/it/10 I
 []


Overfull \hbox (19.42209pt too wide) in paragraph at lines 79--80
\OT1/cmr/m/it/10 have
 []


Overfull \hbox (14.05547pt too wide) in paragraph at lines 79--80
\OT1/cmr/m/it/10 au-
 []


Overfull \hbox (26.44978pt too wide) in paragraph at lines 79--80
\OT1/cmr/m/it/10 thored
 []


Overfull \hbox (15.58879pt too wide) in paragraph at lines 79--80
\OT1/cmr/m/it/10 this
 []


Overfull \hbox (16.61098pt too wide) in paragraph at lines 79--80
\OT1/cmr/m/it/10 the-
 []


Overfull \hbox (11.24438pt too wide) in paragraph at lines 79--80
\OT1/cmr/m/it/10 sis
 []


Overfull \hbox (12.26659pt too wide) in paragraph at lines 79--80
\OT1/cmr/m/it/10 in-
 []


Overfull \hbox (13.28879pt too wide) in paragraph at lines 79--80
\OT1/cmr/m/it/10 de-
 []


Overfull \hbox (18.39986pt too wide) in paragraph at lines 79--80
\OT1/cmr/m/it/10 pen-
 []


Overfull \hbox (29.13313pt too wide) in paragraph at lines 79--80
\OT1/cmr/m/it/10 dently,
 []


Overfull \hbox (16.86655pt too wide) in paragraph at lines 79--80
\OT1/cmr/m/it/10 that
 []


Overfull \hbox (3.85553pt too wide) in paragraph at lines 79--80
\OT1/cmr/m/it/10 I
 []


Overfull \hbox (19.42209pt too wide) in paragraph at lines 79--80
\OT1/cmr/m/it/10 have
 []


Overfull \hbox (14.05547pt too wide) in paragraph at lines 79--80
\OT1/cmr/m/it/10 not
 []


Overfull \hbox (18.65543pt too wide) in paragraph at lines 79--80
\OT1/cmr/m/it/10 used
 []


Overfull \hbox (22.36095pt too wide) in paragraph at lines 79--80
\OT1/cmr/m/it/10 other
 []


Overfull \hbox (19.16655pt too wide) in paragraph at lines 79--80
\OT1/cmr/m/it/10 than
 []


Overfull \hbox (13.03323pt too wide) in paragraph at lines 79--80
\OT1/cmr/m/it/10 the
 []


Overfull \hbox (13.28879pt too wide) in paragraph at lines 79--80
\OT1/cmr/m/it/10 de-
 []


Overfull \hbox (25.17201pt too wide) in paragraph at lines 79--80
\OT1/cmr/m/it/10 clared
 []


Overfull \hbox (31.04976pt too wide) in paragraph at lines 79--80
\OT1/cmr/m/it/10 sources
 []


Overfull \hbox (5.11108pt too wide) in paragraph at lines 79--80
\OT1/cmr/m/it/10 /
 []


Overfull \hbox (11.88321pt too wide) in paragraph at lines 79--80
\OT1/cmr/m/it/10 re-
 []


Overfull \hbox (34.11641pt too wide) in paragraph at lines 79--80
\OT1/cmr/m/it/10 sources,
 []


Overfull \hbox (15.84436pt too wide) in paragraph at lines 79--80
\OT1/cmr/m/it/10 and
 []


Overfull \hbox (16.86655pt too wide) in paragraph at lines 79--80
\OT1/cmr/m/it/10 that
 []


Overfull \hbox (3.85553pt too wide) in paragraph at lines 79--80
\OT1/cmr/m/it/10 I
 []


Overfull \hbox (19.42209pt too wide) in paragraph at lines 79--80
\OT1/cmr/m/it/10 have
 []


Overfull \hbox (12.81657pt too wide) in paragraph at lines 79--80
\OT1/cmr/m/it/10 ex-
 []


Overfull \hbox (18.91098pt too wide) in paragraph at lines 79--80
\OT1/cmr/m/it/10 plic-
 []


Overfull \hbox (13.7999pt too wide) in paragraph at lines 79--80
\OT1/cmr/m/it/10 itly
 []


Overfull \hbox (31.30533pt too wide) in paragraph at lines 79--80
\OT1/cmr/m/it/10 marked
 []


Overfull \hbox (10.73328pt too wide) in paragraph at lines 79--80
\OT1/cmr/m/it/10 all
 []


Overfull \hbox (16.86656pt too wide) in paragraph at lines 79--80
\OT1/cmr/m/it/10 ma-
 []


Overfull \hbox (11.4999pt too wide) in paragraph at lines 79--80
\OT1/cmr/m/it/10 te-
 []


Overfull \hbox (14.9499pt too wide) in paragraph at lines 79--80
\OT1/cmr/m/it/10 rial
 []


Overfull \hbox (24.53319pt too wide) in paragraph at lines 79--80
\OT1/cmr/m/it/10 which
 []


Overfull \hbox (14.31104pt too wide) in paragraph at lines 79--80
\OT1/cmr/m/it/10 has
 []


Overfull \hbox (18.39983pt too wide) in paragraph at lines 79--80
\OT1/cmr/m/it/10 been
 []


Overfull \hbox (27.5998pt too wide) in paragraph at lines 79--80
\OT1/cmr/m/it/10 quoted
 []


Overfull \hbox (11.24435pt too wide) in paragraph at lines 79--80
\OT1/cmr/m/it/10 ei-
 []


Overfull \hbox (17.24986pt too wide) in paragraph at lines 79--80
\OT1/cmr/m/it/10 ther
 []


Overfull \hbox (12.52213pt too wide) in paragraph at lines 79--80
\OT1/cmr/m/it/10 lit-
 []


Overfull \hbox (12.39433pt too wide) in paragraph at lines 79--80
\OT1/cmr/m/it/10 er-
 []


Overfull \hbox (15.58879pt too wide) in paragraph at lines 79--80
\OT1/cmr/m/it/10 ally
 []


Overfull \hbox (9.32771pt too wide) in paragraph at lines 79--80
\OT1/cmr/m/it/10 or
 []


Overfull \hbox (9.45547pt too wide) in paragraph at lines 79--80
\OT1/cmr/m/it/10 by
 []


Overfull \hbox (18.39986pt too wide) in paragraph at lines 79--80
\OT1/cmr/m/it/10 con-
 []


Overfull \hbox (16.86653pt too wide) in paragraph at lines 79--80
\OT1/cmr/m/it/10 tent
 []


Overfull \hbox (20.06097pt too wide) in paragraph at lines 79--80
\OT1/cmr/m/it/10 from
 []


Overfull \hbox (13.03323pt too wide) in paragraph at lines 79--80
\OT1/cmr/m/it/10 the
 []


Overfull \hbox (18.65543pt too wide) in paragraph at lines 79--80
\OT1/cmr/m/it/10 used
 []


Overfull \hbox (34.11641pt too wide) in paragraph at lines 79--80
\OT1/cmr/m/it/10 sources. 
 []


! LaTeX Error: The font size command \normalsize is not defined:
               there is probably something wrong with the class file.

See the LaTeX manual or LaTeX Companion for explanation.
Type  H <return>  for immediate help.
 ...                                              
                                                  
l.80 
     
Your command was ignored.
Type  I <command> <return>  to replace it with another command,
or  <return>  to continue without it.

[1{C:/Users/Florian.Weidner/AppData/Local/MiKTeX/fonts/map/pdftex/pdftex.map}]

! LaTeX Error: Missing \begin{document}.

See the LaTeX manual or LaTeX Companion for explanation.
Type  H <return>  for immediate help.
 ...                                              
                                                  
l.83 \noindent
              
You're in trouble here.  Try typing  <return>  to proceed.
If that doesn't work, type  X <return>  to quit.

Missing character: There is no R in font nullfont!
Missing character: There is no o in font nullfont!
Missing character: There is no s in font nullfont!
Missing character: There is no e in font nullfont!
Missing character: There is no n in font nullfont!
Missing character: There is no h in font nullfont!
Missing character: There is no e in font nullfont!
Missing character: There is no i in font nullfont!
Missing character: There is no m in font nullfont!
Missing character: There is no , in font nullfont!
Missing character: There is no d in font nullfont!
Missing character: There is no e in font nullfont!
Missing character: There is no n in font nullfont!
Missing character: There is no t in font nullfont!
Missing character: There is no t in font nullfont!
Missing character: There is no . in font nullfont!
Missing character: There is no m in font nullfont!
Missing character: There is no m in font nullfont!
Missing character: There is no . in font nullfont!
Missing character: There is no j in font nullfont!
Missing character: There is no j in font nullfont!
Missing character: There is no j in font nullfont!
Missing character: There is no j in font nullfont!

! LaTeX Error: Missing \begin{document}.

See the LaTeX manual or LaTeX Companion for explanation.
Type  H <return>  for immediate help.
 ...                                              
                                                  
l.88 \noindent
              
You're in trouble here.  Try typing  <return>  to proceed.
If that doesn't work, type  X <return>  to quit.

Missing character: There is no V in font nullfont!
Missing character: There is no o in font nullfont!
Missing character: There is no r in font nullfont!
Missing character: There is no - in font nullfont!
Missing character: There is no u in font nullfont!
Missing character: There is no n in font nullfont!
Missing character: There is no d in font nullfont!
Missing character: There is no Z in font nullfont!
Missing character: There is no u in font nullfont!
Missing character: There is no n in font nullfont!
Missing character: There is no a in font nullfont!
Missing character: There is no m in font nullfont!
Missing character: There is no e in font nullfont!
)
! Emergency stop.
<*> ./title.tex
               
*** (job aborted, no legal \end found)

 
Here is how much of TeX's memory you used:
 43 strings out of 476374
 687 string characters out of 5784134
 1856340 words of memory out of 5000000
 20528 multiletter control sequences out of 15000+600000
 513239 words of font info for 35 fonts, out of 8000000 for 9000
 1141 hyphenation exceptions out of 8191
 24i,5n,32p,364b,197s stack positions out of 10000i,1000n,20000p,200000b,200000s
!  ==> Fatal error occurred, no output PDF file produced!
